hwloc/linux: Ignoring PCI device with non-16bit domain.
Pass --enable-32bits-pci-domain to configure to support such devices
(warning: it would break the library ABI, don't enable unless really needed).
---------------------------------------------------------------------
 Eq     N-i     T       dB  Ri/R1   Ri/R0    R/Ri     lsIt   dB  %t
---------------------------------------------------------------------
 <PETSC_INITIALIZE>: use linear solver config. from file.
 NS 31-1  5.243e+01  [0 1.000e+00 6.745e-06 5.470e-07]  [40 -144 1]
 NS 31-2s 5.290e+01  [-26 4.941e-02 3.332e-07 3.774e-07]  [39 -148 69]
 NS 32-1  5.343e+01  [0 1.000e+00 5.736e-06 6.928e-07]  [40 -142 68]
 NS 32-2s 5.390e+01  [-32 2.405e-02 1.379e-07 2.027e-07]  [40 -154 71]
 NS 33-1  5.442e+01  [0 1.000e+00 4.503e-06 9.958e-07]  [40 -138 68]
 NS 33-2s 5.489e+01  [-37 1.305e-02 5.877e-08 1.576e-07]  [40 -157 71]
 NS 34-1  5.542e+01  [0 1.000e+00 3.284e-06 5.821e-07]  [41 -144 69]
 NS 34-2s 5.590e+01  [-41 8.491e-03 2.789e-08 4.549e-07]  [40 -146 71]
 NS 35-1  5.641e+01  [0 1.000e+00 2.263e-06 7.293e-07]  [41 -141 68]
 NS 35-2s 5.691e+01  [-43 6.576e-03 1.488e-08 2.184e-07]  [40 -153 71]
 NS 36-1  5.743e+01  [0 1.000e+00 1.493e-06 5.989e-07]  [42 -143 69]
 NS 36-2s 5.789e+01  [-45 5.534e-03 8.260e-09 8.733e-07]  [38 -140 70]
 NS 37-1s 5.842e+01  [0 1.000e+00 9.527e-07 6.052e-07]  [42 -143 68]
 NS 38-1s 5.894e+01  [0 1.000e+00 5.865e-07 6.267e-07]  [42 -143 68]
 NS 39-1s 5.948e+01  [0 1.000e+00 3.549e-07 6.919e-07]  [42 -142 68]
 NS 40-1s 6.002e+01  [0 1.000e+00 2.115e-07 7.563e-07]  [42 -141 66]
