hwloc/linux: Ignoring PCI device with non-16bit domain.
Pass --enable-32bits-pci-domain to configure to support such devices
(warning: it would break the library ABI, don't enable unless really needed).
---------------------------------------------------------------------
 Eq     N-i     T       dB  Ri/R1   Ri/R0    R/Ri     lsIt   dB  %t
---------------------------------------------------------------------
 <PETSC_INITIALIZE>: use linear solver config. from file.
 GR 5-1  3.834e+00  [0 1.000e+00 6.168e+00 1.276e-19]  [1 -435 2]
terminate called after throwing an instance of 'std::runtime_error'
  what():  [gr_equilibrated] Negative Jacobian
[7a278a1c0bb5:43215] *** Process received signal ***
[7a278a1c0bb5:43215] Signal: Aborted (6)
[7a278a1c0bb5:43215] Signal code:  (-6)
[7a278a1c0bb5:43215] [ 0] /lib/x86_64-linux-gnu/libc.so.6(+0x42520)[0x7e02a8a6d520]
[7a278a1c0bb5:43215] [ 1] /lib/x86_64-linux-gnu/libc.so.6(pthread_kill+0x12c)[0x7e02a8ac19fc]
[7a278a1c0bb5:43215] [ 2] /lib/x86_64-linux-gnu/libc.so.6(raise+0x16)[0x7e02a8a6d476]
[7a278a1c0bb5:43215] [ 3] /lib/x86_64-linux-gnu/libc.so.6(abort+0xd3)[0x7e02a8a537f3]
[7a278a1c0bb5:43215] [ 4] /lib/x86_64-linux-gnu/libstdc++.so.6(+0xa2b9e)[0x7e02a8d16b9e]
[7a278a1c0bb5:43215] [ 5] /lib/x86_64-linux-gnu/libstdc++.so.6(+0xae20c)[0x7e02a8d2220c]
[7a278a1c0bb5:43215] [ 6] /lib/x86_64-linux-gnu/libstdc++.so.6(+0xae277)[0x7e02a8d22277]
[7a278a1c0bb5:43215] [ 7] /lib/x86_64-linux-gnu/libstdc++.so.6(+0xae4d8)[0x7e02a8d224d8]
[7a278a1c0bb5:43215] [ 8] /svfsi/svFSI-build/svFSI-build/bin/svFSI(+0x158f5a)[0x5b49b651af5a]
[7a278a1c0bb5:43215] [ 9] /svfsi/svFSI-build/svFSI-build/bin/svFSI(_ZN2gr16struct_3d_carrayER6ComModidRK6VectorIdERK5ArrayIdES9_RS3_RS7_SB_R6Array3IdEbb+0x418)[0x5b49b663c838]
[7a278a1c0bb5:43215] [10] /svfsi/svFSI-build/svFSI-build/bin/svFSI(_ZN2gr7eval_grERKiR6ComModRK7mshTypeRK5ArrayIdER6VectorIiERS8_R6Array3IdEbb+0x9a9)[0x5b49b663dca9]
[7a278a1c0bb5:43215] [11] /svfsi/svFSI-build/svFSI-build/bin/svFSI(_ZN2gr12construct_grER6ComModRK7mshTypeRK5ArrayIdEb+0x308)[0x5b49b663e878]
[7a278a1c0bb5:43215] [12] /svfsi/svFSI-build/svFSI-build/bin/svFSI(_Z16iterate_solutionP10Simulation+0xcec)[0x5b49b665105c]
[7a278a1c0bb5:43215] [13] /svfsi/svFSI-build/svFSI-build/bin/svFSI(main+0x209)[0x5b49b6563d09]
[7a278a1c0bb5:43215] [14] /lib/x86_64-linux-gnu/libc.so.6(+0x29d90)[0x7e02a8a54d90]
[7a278a1c0bb5:43215] [15] /lib/x86_64-linux-gnu/libc.so.6(__libc_start_main+0x80)[0x7e02a8a54e40]
[7a278a1c0bb5:43215] [16] /svfsi/svFSI-build/svFSI-build/bin/svFSI(_start+0x25)[0x5b49b6577585]
[7a278a1c0bb5:43215] *** End of error message ***
--------------------------------------------------------------------------
prterun noticed that process rank 0 with PID 43215 on node 7a278a1c0bb5 exited on
signal 6 (Aborted).
--------------------------------------------------------------------------
