Re = 260
============================== t 0 ==== fp 1.00 ==============================
i 0 	n 0	1.00e+00	0.00e+00	3.25e+01	1.56e+00	
i 1 	n 1	1.18e-03	1.65e+00	1.86e+01	1.37e+00	
i 2 	n 2	2.93e-05	1.59e+00	1.21e+01	1.20e+00	
============================== t 1 ==== fp 1.00 ==============================
i 3 	n 0	4.01e-02	1.53e+00	8.52e+00	1.67e+00	
i 4 	n 1	1.93e-02	1.65e+00	1.55e+01	1.66e+00	
i 5 	n 2	1.41e-02	1.66e+00	1.47e+01	1.68e+00	
i 6 	n 3	1.35e-02	1.61e+00	1.47e+01	1.67e+00	
i 7 	n 4	1.18e-02	1.57e+00	1.34e+01	1.42e+00	
i 8 	n 5	1.04e-02	1.52e+00	1.29e+01	1.46e+00	
i 9 	n 6	7.55e-03	1.70e+00	1.79e+01	1.66e+00	
i 10 	n 7	9.33e-03	1.71e+00	1.53e+01	1.66e+00	
i 11 	n 8	2.85e-03	1.67e+00	1.43e+01	1.66e+00	
i 12 	n 9	2.58e-03	1.61e+00	2.73e+01	1.68e+00	
i 13 	n 10	1.49e-03	1.60e+00	1.91e+01	1.69e+00	
i 14 	n 11	6.90e-04	1.59e+00	2.49e+01	1.53e+00	
============================== t 2 ==== fp 1.00 ==============================
i 15 	n 0	1.25e-02	1.75e+00	2.67e+01	1.66e+00	
i 16 	n 1	1.17e-02	1.77e+00	1.82e+01	1.68e+00	
i 17 	n 2	1.08e-02	1.70e+00	1.58e+01	1.63e+00	
i 18 	n 3	3.32e-03	1.68e+00	1.56e+01	1.66e+00	
i 19 	n 4	8.10e-04	1.63e+00	1.78e+01	1.67e+00	
============================== t 3 ==== fp 1.00 ==============================
i 20 	n 0	8.89e-03	1.75e+00	2.19e+01	1.66e+00	
i 21 	n 1	9.78e-03	1.73e+00	2.24e+01	1.68e+00	
i 22 	n 2	4.15e-03	1.63e+00	1.97e+01	1.64e+00	
i 23 	n 3	1.65e-03	1.62e+00	1.21e+01	1.46e+00	
i 24 	n 4	1.06e-03	1.59e+00	1.19e+01	1.40e+00	
i 25 	n 5	6.58e-04	1.51e+00	1.69e+01	1.40e+00	
============================== t 4 ==== fp 1.00 ==============================
i 26 	n 0	1.35e-02	1.76e+00	2.13e+01	1.66e+00	
i 27 	n 1	4.88e-03	1.76e+00	2.01e+01	1.67e+00	
i 28 	n 2	5.07e-03	1.70e+00	1.43e+01	1.65e+00	
i 29 	n 3	2.07e-03	1.68e+00	1.46e+01	1.66e+00	
i 30 	n 4	9.57e-04	1.59e+00	1.24e+01	1.40e+00	
============================== t 5 ==== fp 1.00 ==============================
i 31 	n 0	1.37e-02	1.74e+00	2.19e+01	1.66e+00	
i 32 	n 1	4.23e-03	1.79e+00	1.88e+01	1.64e+00	
i 33 	n 2	2.29e-03	1.71e+00	1.47e+01	1.66e+00	
i 34 	n 3	2.67e-03	1.66e+00	1.70e+01	1.39e+00	
i 35 	n 4	1.91e-03	1.65e+00	1.36e+01	1.40e+00	
i 36 	n 5	9.38e-04	1.58e+00	1.11e+01	1.42e+00	
============================== t 6 ==== fp 1.00 ==============================
i 37 	n 0	2.43e-02	1.74e+00	2.15e+01	1.65e+00	
i 38 	n 1	8.88e-03	1.77e+00	1.70e+01	1.67e+00	
i 39 	n 2	3.64e-03	1.74e+00	1.43e+01	1.66e+00	
i 40 	n 3	1.86e-03	1.72e+00	1.29e+01	1.67e+00	
i 41 	n 4	1.09e-03	1.64e+00	1.36e+01	1.41e+00	
i 42 	n 5	7.72e-04	1.57e+00	1.03e+01	1.39e+00	
============================== t 7 ==== fp 1.00 ==============================
i 43 	n 0	2.65e-02	1.71e+00	1.98e+01	1.64e+00	
i 44 	n 1	6.56e-03	1.75e+00	1.63e+01	1.93e+00	
i 45 	n 2	4.20e-03	1.70e+00	1.57e+01	1.63e+00	
i 46 	n 3	2.76e-03	1.69e+00	1.39e+01	1.66e+00	
i 47 	n 4	1.25e-03	1.65e+00	1.29e+01	1.42e+00	
i 48 	n 5	9.96e-04	1.65e+00	1.15e+01	1.39e+00	
============================== t 8 ==== fp 1.00 ==============================
i 49 	n 0	1.21e-02	1.75e+00	1.91e+01	1.65e+00	
i 50 	n 1	1.34e-02	1.76e+00	1.61e+01	1.65e+00	
i 51 	n 2	3.66e-03	1.70e+00	1.38e+01	1.65e+00	
i 52 	n 3	1.66e-03	1.66e+00	1.22e+01	1.66e+00	
i 53 	n 4	1.64e-03	1.61e+00	1.19e+01	1.42e+00	
i 54 	n 5	1.30e-03	1.61e+00	9.81e+00	1.41e+00	
i 55 	n 6	6.44e-04	1.54e+00	1.14e+01	1.41e+00	
============================== t 9 ==== fp 1.00 ==============================
i 56 	n 0	8.92e-03	1.71e+00	1.96e+01	1.93e+00	
i 57 	n 1	1.26e-02	1.74e+00	1.54e+01	1.90e+00	
i 58 	n 2	1.88e-03	1.71e+00	1.38e+01	1.92e+00	
i 59 	n 3	1.36e-03	1.62e+00	1.24e+01	2.66e+00	
i 60 	n 4	9.63e-04	1.60e+00	9.89e+00	1.66e+00	
============================== t 10 ==== fp 1.00 ==============================
i 61 	n 0	2.28e-02	1.73e+00	1.96e+01	1.66e+00	
i 62 	n 1	9.18e-03	1.76e+00	1.62e+01	1.66e+00	
i 63 	n 2	3.22e-03	1.73e+00	1.51e+01	1.66e+00	
i 64 	n 3	1.11e-03	1.70e+00	1.17e+01	1.41e+00	
i 65 	n 4	7.43e-04	1.60e+00	1.08e+01	1.41e+00	
Gradient tracking data saved to: /svfsi/svFSGe/partitioned_2025-11-13_02-00-26.996293/gradient_tracking.csv
Traceback (most recent call last):
  File "/conda/lib/python3.13/site-packages/matplotlib/texmanager.py", line 250, in _run_checked_subprocess
    report = subprocess.check_output(
        command, cwd=cwd if cwd is not None else cls._texcache,
        stderr=subprocess.STDOUT)
  File "/conda/lib/python3.13/subprocess.py", line 472, in check_output
    return run(*popenargs, stdout=PIPE, timeout=timeout, check=True,
           ~~~^^^^^^^^^^^^^^^^^^^^^^^^^^^^^^^^^^^^^^^^^^^^^^^^^^^^^^
               **kwargs).stdout
               ^^^^^^^^^
  File "/conda/lib/python3.13/subprocess.py", line 554, in run
    with Popen(*popenargs, **kwargs) as process:
         ~~~~~^^^^^^^^^^^^^^^^^^^^^^
  File "/conda/lib/python3.13/subprocess.py", line 1039, in __init__
    self._execute_child(args, executable, preexec_fn, close_fds,
    ~~~~~~~~~~~~~~~~~~~^^^^^^^^^^^^^^^^^^^^^^^^^^^^^^^^^^^^^^^^^
                        pass_fds, cwd, env,
                        ^^^^^^^^^^^^^^^^^^^
    ...<5 lines>...
                        gid, gids, uid, umask,
                        ^^^^^^^^^^^^^^^^^^^^^^
                        start_new_session, process_group)
                        ^^^^^^^^^^^^^^^^^^^^^^^^^^^^^^^^^
  File "/conda/lib/python3.13/subprocess.py", line 1972, in _execute_child
    raise child_exception_type(errno_num, err_msg, err_filename)
FileNotFoundError: [Errno 2] No such file or directory: 'latex'

The above exception was the direct cause of the following exception:

Traceback (most recent call last):
  File "/svfsi/svFSGe/fsg.py", line 526, in <module>
    fsg.run()
    ~~~~~~~^^
  File "/svfsi/svFSGe/fsg.py", line 57, in run
    self.plot_convergence()
    ~~~~~~~~~~~~~~~~~~~~~^^
  File "/svfsi/svFSGe/fsg.py", line 211, in plot_convergence
    fig.savefig(
    ~~~~~~~~~~~^
        os.path.join(self.p["f_out"], "convergence.png"), bbox_inches="tight"
        ^^^^^^^^^^^^^^^^^^^^^^^^^^^^^^^^^^^^^^^^^^^^^^^^^^^^^^^^^^^^^^^^^^^^^
    )
    ^
  File "/conda/lib/python3.13/site-packages/matplotlib/figure.py", line 3490, in savefig
    self.canvas.print_figure(fname, **kwargs)
    ~~~~~~~~~~~~~~~~~~~~~~~~^^^^^^^^^^^^^^^^^
  File "/conda/lib/python3.13/site-packages/matplotlib/backend_bases.py", line 2157, in print_figure
    self.figure.draw(renderer)
    ~~~~~~~~~~~~~~~~^^^^^^^^^^
  File "/conda/lib/python3.13/site-packages/matplotlib/artist.py", line 94, in draw_wrapper
    result = draw(artist, renderer, *args, **kwargs)
  File "/conda/lib/python3.13/site-packages/matplotlib/artist.py", line 71, in draw_wrapper
    return draw(artist, renderer)
  File "/conda/lib/python3.13/site-packages/matplotlib/figure.py", line 3257, in draw
    mimage._draw_list_compositing_images(
    ~~~~~~~~~~~~~~~~~~~~~~~~~~~~~~~~~~~~^
        renderer, self, artists, self.suppressComposite)
        ^^^^^^^^^^^^^^^^^^^^^^^^^^^^^^^^^^^^^^^^^^^^^^^^
  File "/conda/lib/python3.13/site-packages/matplotlib/image.py", line 134, in _draw_list_compositing_images
    a.draw(renderer)
    ~~~~~~^^^^^^^^^^
  File "/conda/lib/python3.13/site-packages/matplotlib/artist.py", line 71, in draw_wrapper
    return draw(artist, renderer)
  File "/conda/lib/python3.13/site-packages/matplotlib/axes/_base.py", line 3190, in draw
    self._update_title_position(renderer)
    ~~~~~~~~~~~~~~~~~~~~~~~~~~~^^^^^^^^^^
  File "/conda/lib/python3.13/site-packages/matplotlib/axes/_base.py", line 3134, in _update_title_position
    ax.yaxis.get_tightbbox(renderer)  # update offsetText
    ~~~~~~~~~~~~~~~~~~~~~~^^^^^^^^^^
  File "/conda/lib/python3.13/site-packages/matplotlib/axis.py", line 1353, in get_tightbbox
    self._update_label_position(renderer)
    ~~~~~~~~~~~~~~~~~~~~~~~~~~~^^^^^^^^^^
  File "/conda/lib/python3.13/site-packages/matplotlib/axis.py", line 2675, in _update_label_position
    bboxes, bboxes2 = self._get_tick_boxes_siblings(renderer=renderer)
                      ~~~~~~~~~~~~~~~~~~~~~~~~~~~~~^^^^^^^^^^^^^^^^^^^
  File "/conda/lib/python3.13/site-packages/matplotlib/axis.py", line 2241, in _get_tick_boxes_siblings
    tlb, tlb2 = axis._get_ticklabel_bboxes(ticks_to_draw, renderer)
                ~~~~~~~~~~~~~~~~~~~~~~~~~~^^^^^^^^^^^^^^^^^^^^^^^^^
  File "/conda/lib/python3.13/site-packages/matplotlib/axis.py", line 1332, in _get_ticklabel_bboxes
    return ([tick.label1.get_window_extent(renderer)
             ~~~~~~~~~~~~~~~~~~~~~~~~~~~~~^^^^^^^^^^
  File "/conda/lib/python3.13/site-packages/matplotlib/text.py", line 969, in get_window_extent
    bbox, info, descent = self._get_layout(self._renderer)
                          ~~~~~~~~~~~~~~~~^^^^^^^^^^^^^^^^
  File "/conda/lib/python3.13/site-packages/matplotlib/text.py", line 373, in _get_layout
    _, lp_h, lp_d = _get_text_metrics_with_cache(
                    ~~~~~~~~~~~~~~~~~~~~~~~~~~~~^
        renderer, "lp", self._fontproperties,
        ^^^^^^^^^^^^^^^^^^^^^^^^^^^^^^^^^^^^^
        ismath="TeX" if self.get_usetex() else False,
        ^^^^^^^^^^^^^^^^^^^^^^^^^^^^^^^^^^^^^^^^^^^^^
        dpi=self.get_figure(root=True).dpi)
        ^^^^^^^^^^^^^^^^^^^^^^^^^^^^^^^^^^^
  File "/conda/lib/python3.13/site-packages/matplotlib/text.py", line 69, in _get_text_metrics_with_cache
    return _get_text_metrics_with_cache_impl(
        weakref.ref(renderer), text, fontprop.copy(), ismath, dpi)
  File "/conda/lib/python3.13/site-packages/matplotlib/text.py", line 77, in _get_text_metrics_with_cache_impl
    return renderer_ref().get_text_width_height_descent(text, fontprop, ismath)
           ~~~~~~~~~~~~~~~~~~~~~~~~~~~~~~~~~~~~~~~~~~~~^^^^^^^^^^^^^^^^^^^^^^^^
  File "/conda/lib/python3.13/site-packages/matplotlib/backends/backend_agg.py", line 211, in get_text_width_height_descent
    return super().get_text_width_height_descent(s, prop, ismath)
           ~~~~~~~~~~~~~~~~~~~~~~~~~~~~~~~~~~~~~^^^^^^^^^^^^^^^^^
  File "/conda/lib/python3.13/site-packages/matplotlib/backend_bases.py", line 566, in get_text_width_height_descent
    return self.get_texmanager().get_text_width_height_descent(
           ~~~~~~~~~~~~~~~~~~~~~~~~~~~~~~~~~~~~~~~~~~~~~~~~~~~^
        s, fontsize, renderer=self)
        ^^^^^^^^^^^^^^^^^^^^^^^^^^^
  File "/conda/lib/python3.13/site-packages/matplotlib/texmanager.py", line 364, in get_text_width_height_descent
    dvifile = cls.make_dvi(tex, fontsize)
  File "/conda/lib/python3.13/site-packages/matplotlib/texmanager.py", line 293, in make_dvi
    cls._run_checked_subprocess(
    ~~~~~~~~~~~~~~~~~~~~~~~~~~~^
        ["latex", "-interaction=nonstopmode", "--halt-on-error",
        ^^^^^^^^^^^^^^^^^^^^^^^^^^^^^^^^^^^^^^^^^^^^^^^^^^^^^^^^
         "file.tex"], tex, cwd=tmpdir)
         ^^^^^^^^^^^^^^^^^^^^^^^^^^^^^
  File "/conda/lib/python3.13/site-packages/matplotlib/texmanager.py", line 254, in _run_checked_subprocess
    raise RuntimeError(
        f'Failed to process string with tex because {command[0]} '
        'could not be found') from exc
RuntimeError: Failed to process string with tex because latex could not be found
