hwloc/linux: Ignoring PCI device with non-16bit domain.
Pass --enable-32bits-pci-domain to configure to support such devices
(warning: it would break the library ABI, don't enable unless really needed).
---------------------------------------------------------------------
 Eq     N-i     T       dB  Ri/R1   Ri/R0    R/Ri     lsIt   dB  %t
---------------------------------------------------------------------
 <PETSC_INITIALIZE>: use linear solver config. from file.
 NS 31-1  4.793e+01  [0 1.000e+00 6.745e-06 5.395e-07]  [40 -144 1]
 NS 31-2s 4.839e+01  [-26 4.941e-02 3.332e-07 4.868e-07]  [39 -145 69]
 NS 32-1  4.889e+01  [0 1.000e+00 5.736e-06 7.064e-07]  [40 -142 66]
 NS 32-2s 4.935e+01  [-32 2.405e-02 1.379e-07 1.706e-07]  [40 -156 71]
 NS 33-1  4.984e+01  [0 1.000e+00 4.503e-06 9.796e-07]  [40 -138 67]
 NS 33-2s 5.031e+01  [-37 1.305e-02 5.877e-08 3.371e-07]  [40 -149 71]
 NS 34-1  5.080e+01  [0 1.000e+00 3.284e-06 5.487e-07]  [41 -144 67]
 NS 34-2s 5.126e+01  [-41 8.491e-03 2.789e-08 4.714e-07]  [40 -146 71]
 NS 35-1  5.176e+01  [0 1.000e+00 2.263e-06 7.221e-07]  [41 -141 68]
 NS 35-2s 5.222e+01  [-43 6.576e-03 1.488e-08 2.417e-07]  [40 -152 71]
 NS 36-1  5.272e+01  [0 1.000e+00 1.493e-06 9.305e-07]  [41 -139 67]
 NS 36-2s 5.317e+01  [-45 5.534e-03 8.260e-09 8.915e-07]  [38 -139 70]
 NS 37-1s 5.368e+01  [0 1.000e+00 9.527e-07 6.158e-07]  [42 -143 67]
 NS 38-1s 5.419e+01  [0 1.000e+00 5.865e-07 6.329e-07]  [42 -143 67]
 NS 39-1s 5.470e+01  [0 1.000e+00 3.549e-07 6.767e-07]  [42 -142 67]
 NS 40-1s 5.522e+01  [0 1.000e+00 2.115e-07 7.122e-07]  [42 -142 67]
