hwloc/linux: Ignoring PCI device with non-16bit domain.
Pass --enable-32bits-pci-domain to configure to support such devices
(warning: it would break the library ABI, don't enable unless really needed).
---------------------------------------------------------------------
 Eq     N-i     T       dB  Ri/R1   Ri/R0    R/Ri     lsIt   dB  %t
---------------------------------------------------------------------
 <PETSC_INITIALIZE>: use linear solver config. from file.
 NS 541-1  7.853e+02  [0 1.000e+00 1.251e-05 5.098e-07]  [45 -145 0]
 NS 541-2  7.858e+02  [-7 4.366e-01 5.460e-06 9.432e-07]  [40 -139 71]
 NS 541-3s 7.862e+02  [-23 6.554e-02 8.197e-07 8.117e-07]  [40 -140 71]
 NS 542-1  7.867e+02  [0 1.000e+00 8.260e-06 9.563e-07]  [41 -139 67]
 NS 542-2  7.872e+02  [-8 3.651e-01 3.016e-06 8.031e-07]  [40 -140 72]
 NS 542-3s 7.877e+02  [-26 4.965e-02 4.101e-07 6.509e-07]  [40 -142 71]
 NS 543-1  7.881e+02  [0 1.000e+00 8.398e-06 8.424e-07]  [40 -140 67]
 NS 543-2  7.886e+02  [-13 2.000e-01 1.680e-06 8.222e-07]  [40 -140 72]
 NS 543-3s 7.891e+02  [-31 2.591e-02 2.176e-07 6.641e-07]  [39 -142 70]
 NS 544-1  7.896e+02  [0 1.000e+00 7.324e-06 5.965e-07]  [44 -143 69]
 NS 544-2s 7.901e+02  [-18 1.246e-01 9.127e-07 9.297e-07]  [40 -139 71]
 NS 545-1  7.906e+02  [0 1.000e+00 5.630e-06 6.042e-07]  [43 -143 68]
 NS 545-2s 7.910e+02  [-21 8.335e-02 4.693e-07 7.840e-07]  [41 -141 71]
 NS 546-1  7.915e+02  [0 1.000e+00 3.974e-06 8.292e-07]  [42 -140 68]
 NS 546-2s 7.920e+02  [-24 5.814e-02 2.310e-07 3.024e-07]  [43 -150 72]
 NS 547-1  7.925e+02  [0 1.000e+00 2.655e-06 8.362e-07]  [40 -140 67]
 NS 547-2s 7.930e+02  [-27 4.308e-02 1.144e-07 9.784e-07]  [38 -138 70]
 NS 548-1  7.935e+02  [0 1.000e+00 1.707e-06 4.903e-07]  [43 -145 68]
 NS 548-2s 7.940e+02  [-28 3.658e-02 6.244e-08 9.013e-07]  [41 -139 72]
 NS 549-1  7.945e+02  [0 1.000e+00 1.066e-06 9.274e-07]  [42 -139 68]
 NS 549-2s 7.950e+02  [-28 3.558e-02 3.794e-08 8.615e-07]  [42 -140 72]
 NS 550-1s 7.955e+02  [0 1.000e+00 6.517e-07 5.578e-07]  [42 -144 67]
