hwloc/linux: Ignoring PCI device with non-16bit domain.
Pass --enable-32bits-pci-domain to configure to support such devices
(warning: it would break the library ABI, don't enable unless really needed).
---------------------------------------------------------------------
 Eq     N-i     T       dB  Ri/R1   Ri/R0    R/Ri     lsIt   dB  %t
---------------------------------------------------------------------
 <PETSC_INITIALIZE>: use linear solver config. from file.
 NS 471-1  6.830e+02  [0 1.000e+00 3.332e-05 7.861e-07]  [39 -141 0]
 NS 471-2  6.834e+02  [-6 4.473e-01 1.490e-05 8.745e-07]  [40 -139 71]
 NS 471-3  6.839e+02  [-19 1.115e-01 3.717e-06 6.429e-07]  [38 -143 71]
 NS 471-4s 6.843e+02  [-34 1.937e-02 6.455e-07 1.685e-07]  [39 -156 70]
 NS 472-1  6.848e+02  [0 1.000e+00 3.803e-05 7.235e-07]  [37 -141 64]
 NS 472-2  6.852e+02  [-12 2.489e-01 9.465e-06 9.859e-07]  [38 -138 71]
 NS 472-3  6.856e+02  [-24 5.788e-02 2.201e-06 4.973e-07]  [36 -145 70]
 NS 472-4s 6.861e+02  [-39 1.012e-02 3.849e-07 1.708e-07]  [39 -156 70]
 NS 473-1  6.866e+02  [0 1.000e+00 4.219e-05 8.084e-07]  [37 -140 65]
 NS 473-2  6.870e+02  [-18 1.258e-01 5.307e-06 5.675e-07]  [39 -144 72]
 NS 473-3  6.875e+02  [-31 2.718e-02 1.147e-06 5.749e-07]  [39 -144 72]
 NS 473-4s 6.879e+02  [-45 5.064e-03 2.137e-07 4.393e-07]  [38 -146 70]
 NS 474-1  6.884e+02  [0 1.000e+00 3.649e-05 8.025e-07]  [37 -140 65]
 NS 474-2  6.888e+02  [-23 7.037e-02 2.568e-06 6.385e-07]  [38 -143 71]
 NS 474-3s 6.893e+02  [-37 1.406e-02 5.129e-07 5.550e-07]  [38 -144 70]
 NS 475-1  6.897e+02  [0 1.000e+00 2.760e-05 7.804e-07]  [37 -141 65]
 NS 475-2  6.902e+02  [-27 4.143e-02 1.143e-06 9.138e-07]  [40 -139 72]
 NS 475-3s 6.906e+02  [-42 7.771e-03 2.145e-07 5.115e-07]  [38 -145 70]
 NS 476-1  6.911e+02  [0 1.000e+00 1.932e-05 8.416e-07]  [37 -140 65]
 NS 476-2s 6.916e+02  [-29 3.181e-02 6.145e-07 2.503e-07]  [41 -152 71]
 NS 477-1  6.920e+02  [0 1.000e+00 1.285e-05 8.755e-07]  [37 -139 65]
 NS 477-2s 6.925e+02  [-29 3.189e-02 4.099e-07 5.047e-07]  [40 -145 71]
 NS 478-1  6.930e+02  [0 1.000e+00 8.265e-06 8.836e-07]  [37 -139 65]
 NS 478-2s 6.934e+02  [-29 3.245e-02 2.682e-07 8.877e-07]  [40 -139 71]
 NS 479-1  6.939e+02  [0 1.000e+00 5.174e-06 9.440e-07]  [37 -139 65]
 NS 479-2s 6.944e+02  [-29 3.242e-02 1.677e-07 8.021e-07]  [42 -140 72]
 NS 480-1  6.948e+02  [0 1.000e+00 3.161e-06 6.456e-07]  [38 -143 66]
 NS 480-2s 6.953e+02  [-29 3.353e-02 1.060e-07 3.623e-07]  [40 -148 71]
