hwloc/linux: Ignoring PCI device with non-16bit domain.
Pass --enable-32bits-pci-domain to configure to support such devices
(warning: it would break the library ABI, don't enable unless really needed).
terminate called after throwing an instance of 'std::runtime_error'
  what():  The node number 1924 from the temporal and spatial values file 'interface_displacement.dat does not belong to the face 'f_interface'.
[7a278a1c0bb5:00256] *** Process received signal ***
[7a278a1c0bb5:00256] Signal: Aborted (6)
[7a278a1c0bb5:00256] Signal code:  (-6)
[7a278a1c0bb5:00256] [ 0] /lib/x86_64-linux-gnu/libc.so.6(+0x42520)[0x7cfb61d4d520]
[7a278a1c0bb5:00256] [ 1] /lib/x86_64-linux-gnu/libc.so.6(pthread_kill+0x12c)[0x7cfb61da19fc]
[7a278a1c0bb5:00256] [ 2] /lib/x86_64-linux-gnu/libc.so.6(raise+0x16)[0x7cfb61d4d476]
[7a278a1c0bb5:00256] [ 3] /lib/x86_64-linux-gnu/libc.so.6(abort+0xd3)[0x7cfb61d337f3]
[7a278a1c0bb5:00256] [ 4] /lib/x86_64-linux-gnu/libstdc++.so.6(+0xa2b9e)[0x7cfb61ff8b9e]
[7a278a1c0bb5:00256] [ 5] /lib/x86_64-linux-gnu/libstdc++.so.6(+0xae20c)[0x7cfb6200420c]
[7a278a1c0bb5:00256] [ 6] /lib/x86_64-linux-gnu/libstdc++.so.6(+0xae277)[0x7cfb62004277]
[7a278a1c0bb5:00256] [ 7] /lib/x86_64-linux-gnu/libstdc++.so.6(+0xae4d8)[0x7cfb620044d8]
[7a278a1c0bb5:00256] [ 8] /svfsi/svFSI-build/bin/svFSI(+0x162f20)[0x6442bdd86f20]
[7a278a1c0bb5:00256] [ 9] /svfsi/svFSI-build/bin/svFSI(_ZN13read_files_ns7read_bcEP10SimulationP18EquationParametersR6eqTypeP27BoundaryConditionParametersR6bcType+0x1e7d)[0x6442bdf1a7bd]
[7a278a1c0bb5:00256] [10] /svfsi/svFSI-build/bin/svFSI(_ZN13read_files_ns7read_eqEP10SimulationP18EquationParametersR6eqType+0x87f)[0x6442bdf1b1ff]
[7a278a1c0bb5:00256] [11] /svfsi/svFSI-build/bin/svFSI(_ZN13read_files_ns10read_filesEP10SimulationRKNSt7__cxx1112basic_stringIcSt11char_traitsIcESaIcEEE+0x14b)[0x6442bdf1b8cb]
[7a278a1c0bb5:00256] [12] /svfsi/svFSI-build/bin/svFSI(main+0x293)[0x6442bddc4e83]
[7a278a1c0bb5:00256] [13] /lib/x86_64-linux-gnu/libc.so.6(+0x29d90)[0x7cfb61d34d90]
[7a278a1c0bb5:00256] [14] /lib/x86_64-linux-gnu/libc.so.6(__libc_start_main+0x80)[0x7cfb61d34e40]
[7a278a1c0bb5:00256] [15] /svfsi/svFSI-build/bin/svFSI(_start+0x25)[0x6442bddd88b5]
[7a278a1c0bb5:00256] *** End of error message ***
--------------------------------------------------------------------------
prterun noticed that process rank 0 with PID 256 on node 7a278a1c0bb5 exited on
signal 6 (Aborted).
--------------------------------------------------------------------------
