hwloc/linux: Ignoring PCI device with non-16bit domain.
Pass --enable-32bits-pci-domain to configure to support such devices
(warning: it would break the library ABI, don't enable unless really needed).
WARNING: No 'mesh/stFile_last.bin' file to restart simulation from; Resetting restart flag to false---------------------------------------------------------------------
 Eq     N-i     T       dB  Ri/R1   Ri/R0    R/Ri     lsIt   dB  %t
---------------------------------------------------------------------
[construct_l_elas:0] =============== construct_l_elas ===============
 LE 1-1  1.290e-01  [0 1.000e+00 1.000e+00 0.000e+00]  !0 0 0!
[construct_l_elas:0] =============== construct_l_elas ===============
 LE 1-2  2.550e-01  [0 1.000e+00 1.000e+00 0.000e+00]  !0 0 0!
[construct_l_elas:0] =============== construct_l_elas ===============
 LE 1-3  3.740e-01  [0 1.000e+00 1.000e+00 0.000e+00]  !0 0 0!
[construct_l_elas:0] =============== construct_l_elas ===============
 LE 1-4  4.930e-01  [0 1.000e+00 1.000e+00 0.000e+00]  !0 0 0!
[construct_l_elas:0] =============== construct_l_elas ===============
 LE 1-5  6.130e-01  [0 1.000e+00 1.000e+00 0.000e+00]  !0 0 0!
[construct_l_elas:0] =============== construct_l_elas ===============
 LE 1-6  7.320e-01  [0 1.000e+00 1.000e+00 0.000e+00]  !0 0 0!
[construct_l_elas:0] =============== construct_l_elas ===============
 LE 1-7  8.510e-01  [0 1.000e+00 1.000e+00 0.000e+00]  !0 0 0!
[construct_l_elas:0] =============== construct_l_elas ===============
 LE 1-8  9.710e-01  [0 1.000e+00 1.000e+00 0.000e+00]  !0 0 0!
[construct_l_elas:0] =============== construct_l_elas ===============
 LE 1-9  1.090e+00  [0 1.000e+00 1.000e+00 0.000e+00]  !0 0 0!
[construct_l_elas:0] =============== construct_l_elas ===============
 LE 1-10s 1.212e+00  [0 1.000e+00 1.000e+00 0.000e+00]  !0 0 0!
