hwloc/linux: Ignoring PCI device with non-16bit domain.
Pass --enable-32bits-pci-domain to configure to support such devices
(warning: it would break the library ABI, don't enable unless really needed).
WARNING: No 'gr_restart/stFile_last.bin' file to restart simulation from; Resetting restart flag to false---------------------------------------------------------------------
 Eq     N-i     T       dB  Ri/R1   Ri/R0    R/Ri     lsIt   dB  %t
---------------------------------------------------------------------
 <PETSC_INITIALIZE>: use linear solver config. from file.
 GR 1-1  2.000e-01  [0 1.000e+00 1.000e+00 5.151e-19]  [1 -421 31]
 GR 1-2  4.020e-01  !54 5.192e+02 5.192e+02 9.921e-22!  [1 -484 27]
 GR 1-3  5.970e-01  !69 3.106e+03 3.106e+03 1.659e-22!  [1 -502 28]
terminate called after throwing an instance of 'std::runtime_error'
  what():  [gr_equilibrated] Negative Jacobian
[7a278a1c0bb5:92812] *** Process received signal ***
[7a278a1c0bb5:92812] Signal: Aborted (6)
[7a278a1c0bb5:92812] Signal code:  (-6)
[7a278a1c0bb5:92812] [ 0] /lib/x86_64-linux-gnu/libc.so.6(+0x42520)[0x739f1b04d520]
[7a278a1c0bb5:92812] [ 1] /lib/x86_64-linux-gnu/libc.so.6(pthread_kill+0x12c)[0x739f1b0a19fc]
[7a278a1c0bb5:92812] [ 2] /lib/x86_64-linux-gnu/libc.so.6(raise+0x16)[0x739f1b04d476]
[7a278a1c0bb5:92812] [ 3] /lib/x86_64-linux-gnu/libc.so.6(abort+0xd3)[0x739f1b0337f3]
[7a278a1c0bb5:92812] [ 4] /lib/x86_64-linux-gnu/libstdc++.so.6(+0xa2b9e)[0x739f1b2f6b9e]
[7a278a1c0bb5:92812] [ 5] /lib/x86_64-linux-gnu/libstdc++.so.6(+0xae20c)[0x739f1b30220c]
[7a278a1c0bb5:92812] [ 6] /lib/x86_64-linux-gnu/libstdc++.so.6(+0xae277)[0x739f1b302277]
[7a278a1c0bb5:92812] [ 7] /lib/x86_64-linux-gnu/libstdc++.so.6(+0xae4d8)[0x739f1b3024d8]
[7a278a1c0bb5:92812] [ 8] /svfsi/svFSI-build/svFSI-build/bin/svFSI(+0x158f5a)[0x587f72037f5a]
[7a278a1c0bb5:92812] [ 9] /svfsi/svFSI-build/svFSI-build/bin/svFSI(_ZN2gr16struct_3d_carrayER6ComModidRK6VectorIdERK5ArrayIdES9_RS3_RS7_SB_R6Array3IdEbb+0x418)[0x587f72159838]
[7a278a1c0bb5:92812] [10] /svfsi/svFSI-build/svFSI-build/bin/svFSI(_ZN2gr7eval_grERKiR6ComModRK7mshTypeRK5ArrayIdER6VectorIiERS8_R6Array3IdEbb+0x9a9)[0x587f7215aca9]
[7a278a1c0bb5:92812] [11] /svfsi/svFSI-build/svFSI-build/bin/svFSI(_ZN2gr12construct_grER6ComModRK7mshTypeRK5ArrayIdEb+0x308)[0x587f7215b878]
[7a278a1c0bb5:92812] [12] /svfsi/svFSI-build/svFSI-build/bin/svFSI(_Z16iterate_solutionP10Simulation+0xcec)[0x587f7216e05c]
[7a278a1c0bb5:92812] [13] /svfsi/svFSI-build/svFSI-build/bin/svFSI(main+0x209)[0x587f72080d09]
[7a278a1c0bb5:92812] [14] /lib/x86_64-linux-gnu/libc.so.6(+0x29d90)[0x739f1b034d90]
[7a278a1c0bb5:92812] [15] /lib/x86_64-linux-gnu/libc.so.6(__libc_start_main+0x80)[0x739f1b034e40]
[7a278a1c0bb5:92812] [16] /svfsi/svFSI-build/svFSI-build/bin/svFSI(_start+0x25)[0x587f72094585]
[7a278a1c0bb5:92812] *** End of error message ***
--------------------------------------------------------------------------
prterun noticed that process rank 0 with PID 92812 on node 7a278a1c0bb5 exited on
signal 6 (Aborted).
--------------------------------------------------------------------------
