hwloc/linux: Ignoring PCI device with non-16bit domain.
Pass --enable-32bits-pci-domain to configure to support such devices
(warning: it would break the library ABI, don't enable unless really needed).
---------------------------------------------------------------------
 Eq     N-i     T       dB  Ri/R1   Ri/R0    R/Ri     lsIt   dB  %t
---------------------------------------------------------------------
 <PETSC_INITIALIZE>: use linear solver config. from file.
 NS 31-1  6.485e+01  [0 1.000e+00 6.415e-06 7.936e-07]  [57 -140 1]
 NS 31-2s 6.542e+01  [-25 5.122e-02 3.286e-07 5.424e-07]  [53 -144 80]
 NS 32-1  6.619e+01  [0 1.000e+00 5.468e-06 2.256e-07]  [58 -153 81]
 NS 32-2s 6.681e+01  [-32 2.487e-02 1.360e-07 8.557e-07]  [53 -140 76]
 NS 33-1  6.742e+01  [0 1.000e+00 4.299e-06 8.147e-07]  [52 -140 72]
 NS 33-2s 6.796e+01  [-37 1.348e-02 5.793e-08 5.010e-07]  [53 -145 79]
 NS 34-1  6.859e+01  [0 1.000e+00 3.139e-06 6.916e-07]  [54 -142 79]
 NS 34-2s 6.912e+01  [-41 8.756e-03 2.748e-08 8.022e-07]  [53 -140 78]
 NS 35-1  6.966e+01  [0 1.000e+00 2.164e-06 7.732e-07]  [54 -141 73]
 NS 35-2s 7.014e+01  [-43 6.769e-03 1.465e-08 6.329e-07]  [54 -143 80]
 NS 36-1  7.095e+01  [0 1.000e+00 1.429e-06 9.248e-07]  [54 -139 81]
 NS 36-2s 7.147e+01  [-44 5.688e-03 8.128e-09 7.208e-07]  [55 -141 79]
 NS 37-1s 7.238e+01  [0 1.000e+00 9.123e-07 4.444e-07]  [58 -146 85]
 NS 38-1s 7.324e+01  [0 1.000e+00 5.616e-07 6.692e-07]  [58 -142 83]
 NS 39-1s 7.398e+01  [0 1.000e+00 3.399e-07 9.358e-07]  [58 -139 77]
 NS 40-1s 7.475e+01  [0 1.000e+00 2.026e-07 8.521e-07]  [59 -140 79]
