hwloc/linux: Ignoring PCI device with non-16bit domain.
Pass --enable-32bits-pci-domain to configure to support such devices
(warning: it would break the library ABI, don't enable unless really needed).
terminate called after throwing an instance of 'std::runtime_error'
  what():  The node number 1924 from the temporal and spatial values file 'interface_displacement.dat does not belong to the face 'f_interface'.
[7a278a1c0bb5:101224] *** Process received signal ***
[7a278a1c0bb5:101224] Signal: Aborted (6)
[7a278a1c0bb5:101224] Signal code:  (-6)
[7a278a1c0bb5:101224] [ 0] /lib/x86_64-linux-gnu/libc.so.6(+0x42520)[0x7ac21f8b2520]
[7a278a1c0bb5:101224] [ 1] /lib/x86_64-linux-gnu/libc.so.6(pthread_kill+0x12c)[0x7ac21f9069fc]
[7a278a1c0bb5:101224] [ 2] /lib/x86_64-linux-gnu/libc.so.6(raise+0x16)[0x7ac21f8b2476]
[7a278a1c0bb5:101224] [ 3] /lib/x86_64-linux-gnu/libc.so.6(abort+0xd3)[0x7ac21f8987f3]
[7a278a1c0bb5:101224] [ 4] /lib/x86_64-linux-gnu/libstdc++.so.6(+0xa2b9e)[0x7ac21fb5bb9e]
[7a278a1c0bb5:101224] [ 5] /lib/x86_64-linux-gnu/libstdc++.so.6(+0xae20c)[0x7ac21fb6720c]
[7a278a1c0bb5:101224] [ 6] /lib/x86_64-linux-gnu/libstdc++.so.6(+0xae277)[0x7ac21fb67277]
[7a278a1c0bb5:101224] [ 7] /lib/x86_64-linux-gnu/libstdc++.so.6(+0xae4d8)[0x7ac21fb674d8]
[7a278a1c0bb5:101224] [ 8] /svfsi/svFSI-build/svFSI-build/bin/svFSI(+0x164a74)[0x5943e0d96a74]
[7a278a1c0bb5:101224] [ 9] /svfsi/svFSI-build/svFSI-build/bin/svFSI(_ZN13read_files_ns7read_bcEP10SimulationP18EquationParametersR6eqTypeP27BoundaryConditionParametersR6bcType+0x1e7d)[0x5943e0f2979d]
[7a278a1c0bb5:101224] [10] /svfsi/svFSI-build/svFSI-build/bin/svFSI(_ZN13read_files_ns7read_eqEP10SimulationP18EquationParametersR6eqType+0x87f)[0x5943e0f2a1df]
[7a278a1c0bb5:101224] [11] /svfsi/svFSI-build/svFSI-build/bin/svFSI(_ZN13read_files_ns10read_filesEP10SimulationRKNSt7__cxx1112basic_stringIcSt11char_traitsIcESaIcEEE+0x14b)[0x5943e0f2a8ab]
[7a278a1c0bb5:101224] [12] /svfsi/svFSI-build/svFSI-build/bin/svFSI(main+0x2bd)[0x5943e0dd3dbd]
[7a278a1c0bb5:101224] [13] /lib/x86_64-linux-gnu/libc.so.6(+0x29d90)[0x7ac21f899d90]
[7a278a1c0bb5:101224] [14] /lib/x86_64-linux-gnu/libc.so.6(__libc_start_main+0x80)[0x7ac21f899e40]
[7a278a1c0bb5:101224] [15] /svfsi/svFSI-build/svFSI-build/bin/svFSI(_start+0x25)[0x5943e0de7585]
[7a278a1c0bb5:101224] *** End of error message ***
--------------------------------------------------------------------------
prterun noticed that process rank 0 with PID 101224 on node 7a278a1c0bb5 exited on
signal 6 (Aborted).
--------------------------------------------------------------------------
