hwloc/linux: Ignoring PCI device with non-16bit domain.
Pass --enable-32bits-pci-domain to configure to support such devices
(warning: it would break the library ABI, don't enable unless really needed).
WARNING: No 'gr_restart/stFile_last.bin' file to restart simulation from; Resetting restart flag to false---------------------------------------------------------------------
 Eq     N-i     T       dB  Ri/R1   Ri/R0    R/Ri     lsIt   dB  %t
---------------------------------------------------------------------
 <PETSC_INITIALIZE>: use linear solver config. from file.
 GR 1-1  1.980e-01  [0 1.000e+00 1.000e+00 5.151e-19]  [1 -421 31]
 GR 1-2  3.990e-01  !54 5.192e+02 5.192e+02 9.921e-22!  [1 -484 30]
 GR 1-3  5.940e-01  !69 3.106e+03 3.106e+03 1.659e-22!  [1 -502 28]
terminate called after throwing an instance of 'std::runtime_error'
  what():  [gr_equilibrated] Negative Jacobian
[7a278a1c0bb5:100354] *** Process received signal ***
[7a278a1c0bb5:100354] Signal: Aborted (6)
[7a278a1c0bb5:100354] Signal code:  (-6)
[7a278a1c0bb5:100354] [ 0] /lib/x86_64-linux-gnu/libc.so.6(+0x42520)[0x7d4c7886d520]
[7a278a1c0bb5:100354] [ 1] /lib/x86_64-linux-gnu/libc.so.6(pthread_kill+0x12c)[0x7d4c788c19fc]
[7a278a1c0bb5:100354] [ 2] /lib/x86_64-linux-gnu/libc.so.6(raise+0x16)[0x7d4c7886d476]
[7a278a1c0bb5:100354] [ 3] /lib/x86_64-linux-gnu/libc.so.6(abort+0xd3)[0x7d4c788537f3]
[7a278a1c0bb5:100354] [ 4] /lib/x86_64-linux-gnu/libstdc++.so.6(+0xa2b9e)[0x7d4c78b16b9e]
[7a278a1c0bb5:100354] [ 5] /lib/x86_64-linux-gnu/libstdc++.so.6(+0xae20c)[0x7d4c78b2220c]
[7a278a1c0bb5:100354] [ 6] /lib/x86_64-linux-gnu/libstdc++.so.6(+0xae277)[0x7d4c78b22277]
[7a278a1c0bb5:100354] [ 7] /lib/x86_64-linux-gnu/libstdc++.so.6(+0xae4d8)[0x7d4c78b224d8]
[7a278a1c0bb5:100354] [ 8] /svfsi/svFSI-build/svFSI-build/bin/svFSI(+0x158f5a)[0x5b94dda6bf5a]
[7a278a1c0bb5:100354] [ 9] /svfsi/svFSI-build/svFSI-build/bin/svFSI(_ZN2gr16struct_3d_carrayER6ComModidRK6VectorIdERK5ArrayIdES9_RS3_RS7_SB_R6Array3IdEbb+0x418)[0x5b94ddb8d838]
[7a278a1c0bb5:100354] [10] /svfsi/svFSI-build/svFSI-build/bin/svFSI(_ZN2gr7eval_grERKiR6ComModRK7mshTypeRK5ArrayIdER6VectorIiERS8_R6Array3IdEbb+0x9a9)[0x5b94ddb8eca9]
[7a278a1c0bb5:100354] [11] /svfsi/svFSI-build/svFSI-build/bin/svFSI(_ZN2gr12construct_grER6ComModRK7mshTypeRK5ArrayIdEb+0x308)[0x5b94ddb8f878]
[7a278a1c0bb5:100354] [12] /svfsi/svFSI-build/svFSI-build/bin/svFSI(_Z16iterate_solutionP10Simulation+0xcec)[0x5b94ddba205c]
[7a278a1c0bb5:100354] [13] /svfsi/svFSI-build/svFSI-build/bin/svFSI(main+0x209)[0x5b94ddab4d09]
[7a278a1c0bb5:100354] [14] /lib/x86_64-linux-gnu/libc.so.6(+0x29d90)[0x7d4c78854d90]
[7a278a1c0bb5:100354] [15] /lib/x86_64-linux-gnu/libc.so.6(__libc_start_main+0x80)[0x7d4c78854e40]
[7a278a1c0bb5:100354] [16] /svfsi/svFSI-build/svFSI-build/bin/svFSI(_start+0x25)[0x5b94ddac8585]
[7a278a1c0bb5:100354] *** End of error message ***
--------------------------------------------------------------------------
prterun noticed that process rank 0 with PID 100354 on node 7a278a1c0bb5 exited on
signal 6 (Aborted).
--------------------------------------------------------------------------
