hwloc/linux: Ignoring PCI device with non-16bit domain.
Pass --enable-32bits-pci-domain to configure to support such devices
(warning: it would break the library ABI, don't enable unless really needed).
WARNING: No 'gr_restart/stFile_last.bin' file to restart simulation from; Resetting restart flag to false---------------------------------------------------------------------
 Eq     N-i     T       dB  Ri/R1   Ri/R0    R/Ri     lsIt   dB  %t
---------------------------------------------------------------------
 <PETSC_INITIALIZE>: use linear solver config. from file.
 GR 1-1  1.990e-01  [0 1.000e+00 1.000e+00 5.514e-19]  [1 -420 31]
terminate called after throwing an instance of 'std::runtime_error'
  what():  [gr_equilibrated] Negative Jacobian
[7a278a1c0bb5:96061] *** Process received signal ***
[7a278a1c0bb5:96061] Signal: Aborted (6)
[7a278a1c0bb5:96061] Signal code:  (-6)
[7a278a1c0bb5:96061] [ 0] /lib/x86_64-linux-gnu/libc.so.6(+0x42520)[0x70e9f50b9520]
[7a278a1c0bb5:96061] [ 1] /lib/x86_64-linux-gnu/libc.so.6(pthread_kill+0x12c)[0x70e9f510d9fc]
[7a278a1c0bb5:96061] [ 2] /lib/x86_64-linux-gnu/libc.so.6(raise+0x16)[0x70e9f50b9476]
[7a278a1c0bb5:96061] [ 3] /lib/x86_64-linux-gnu/libc.so.6(abort+0xd3)[0x70e9f509f7f3]
[7a278a1c0bb5:96061] [ 4] /lib/x86_64-linux-gnu/libstdc++.so.6(+0xa2b9e)[0x70e9f5362b9e]
[7a278a1c0bb5:96061] [ 5] /lib/x86_64-linux-gnu/libstdc++.so.6(+0xae20c)[0x70e9f536e20c]
[7a278a1c0bb5:96061] [ 6] /lib/x86_64-linux-gnu/libstdc++.so.6(+0xae277)[0x70e9f536e277]
[7a278a1c0bb5:96061] [ 7] /lib/x86_64-linux-gnu/libstdc++.so.6(+0xae4d8)[0x70e9f536e4d8]
[7a278a1c0bb5:96061] [ 8] /svfsi/svFSI-build/svFSI-build/bin/svFSI(+0x158f5a)[0x574d5af81f5a]
[7a278a1c0bb5:96061] [ 9] /svfsi/svFSI-build/svFSI-build/bin/svFSI(_ZN2gr16struct_3d_carrayER6ComModidRK6VectorIdERK5ArrayIdES9_RS3_RS7_SB_R6Array3IdEbb+0x418)[0x574d5b0a3838]
[7a278a1c0bb5:96061] [10] /svfsi/svFSI-build/svFSI-build/bin/svFSI(_ZN2gr7eval_grERKiR6ComModRK7mshTypeRK5ArrayIdER6VectorIiERS8_R6Array3IdEbb+0x9a9)[0x574d5b0a4ca9]
[7a278a1c0bb5:96061] [11] /svfsi/svFSI-build/svFSI-build/bin/svFSI(_ZN2gr12construct_grER6ComModRK7mshTypeRK5ArrayIdEb+0x308)[0x574d5b0a5878]
[7a278a1c0bb5:96061] [12] /svfsi/svFSI-build/svFSI-build/bin/svFSI(_Z16iterate_solutionP10Simulation+0xcec)[0x574d5b0b805c]
[7a278a1c0bb5:96061] [13] /svfsi/svFSI-build/svFSI-build/bin/svFSI(main+0x209)[0x574d5afcad09]
[7a278a1c0bb5:96061] [14] /lib/x86_64-linux-gnu/libc.so.6(+0x29d90)[0x70e9f50a0d90]
[7a278a1c0bb5:96061] [15] /lib/x86_64-linux-gnu/libc.so.6(__libc_start_main+0x80)[0x70e9f50a0e40]
[7a278a1c0bb5:96061] [16] /svfsi/svFSI-build/svFSI-build/bin/svFSI(_start+0x25)[0x574d5afde585]
[7a278a1c0bb5:96061] *** End of error message ***
--------------------------------------------------------------------------
prterun noticed that process rank 0 with PID 96061 on node 7a278a1c0bb5 exited on
signal 6 (Aborted).
--------------------------------------------------------------------------
