hwloc/linux: Ignoring PCI device with non-16bit domain.
Pass --enable-32bits-pci-domain to configure to support such devices
(warning: it would break the library ABI, don't enable unless really needed).
---------------------------------------------------------------------
 Eq     N-i     T       dB  Ri/R1   Ri/R0    R/Ri     lsIt   dB  %t
---------------------------------------------------------------------
 <PETSC_INITIALIZE>: use linear solver config. from file.
 NS 591-1  8.606e+02  [0 1.000e+00 2.871e-05 8.384e-07]  [41 -140 0]
 NS 591-2  8.611e+02  [-9 3.265e-01 9.373e-06 1.357e-07]  [47 -158 74]
 NS 591-3  8.616e+02  [-22 7.081e-02 2.033e-06 3.195e-07]  [41 -150 73]
 NS 591-4s 8.621e+02  [-37 1.313e-02 3.768e-07 9.406e-07]  [44 -139 73]
 NS 592-1  8.626e+02  [0 1.000e+00 1.842e-05 9.144e-07]  [41 -139 67]
 NS 592-2  8.631e+02  [-10 2.920e-01 5.378e-06 3.105e-07]  [48 -150 75]
 NS 592-3  8.636e+02  [-24 5.940e-02 1.094e-06 9.702e-07]  [39 -138 72]
 NS 592-4s 8.641e+02  [-38 1.209e-02 2.227e-07 1.885e-07]  [45 -155 73]
 NS 593-1  8.646e+02  [0 1.000e+00 1.679e-05 4.252e-07]  [42 -147 68]
 NS 593-2  8.651e+02  [-15 1.767e-01 2.968e-06 7.932e-07]  [40 -140 72]
 NS 593-3s 8.655e+02  [-29 3.194e-02 5.364e-07 9.842e-07]  [38 -138 70]
 NS 594-1  8.661e+02  [0 1.000e+00 1.396e-05 4.021e-07]  [42 -147 70]
 NS 594-2  8.665e+02  [-19 1.122e-01 1.566e-06 8.201e-07]  [39 -140 71]
 NS 594-3s 8.670e+02  [-35 1.755e-02 2.451e-07 7.481e-07]  [42 -141 73]
 NS 595-1  8.675e+02  [0 1.000e+00 1.047e-05 4.377e-07]  [42 -146 68]
 NS 595-2s 8.680e+02  [-22 7.681e-02 8.043e-07 8.388e-07]  [39 -140 70]
 NS 596-1  8.685e+02  [0 1.000e+00 7.297e-06 4.460e-07]  [42 -146 67]
 NS 596-2s 8.689e+02  [-24 5.664e-02 4.133e-07 4.096e-07]  [42 -147 72]
 NS 597-1  8.695e+02  [0 1.000e+00 4.850e-06 4.936e-07]  [42 -145 68]
 NS 597-2s 8.699e+02  [-26 4.700e-02 2.280e-07 6.813e-07]  [39 -142 70]
 NS 598-1  8.704e+02  [0 1.000e+00 3.130e-06 9.531e-07]  [42 -139 67]
 NS 598-2s 8.709e+02  [-27 4.199e-02 1.314e-07 8.566e-07]  [39 -140 70]
 NS 599-1  8.714e+02  [0 1.000e+00 1.973e-06 9.303e-07]  [48 -139 70]
 NS 599-2s 8.719e+02  [-28 3.969e-02 7.832e-08 6.839e-07]  [40 -142 71]
 NS 600-1  8.725e+02  [0 1.000e+00 1.219e-06 5.504e-07]  [52 -144 72]
 NS 600-2s 8.729e+02  [-27 4.126e-02 5.030e-08 4.042e-07]  [40 -147 71]
